  [1m[36mSQL (0.6ms)[0m  [1mCREATE EXTENSION IF NOT EXISTS "plpgsql"[0m
  [1m[35m (32.0ms)[0m  CREATE TABLE "albums" ("id" serial primary key, "artist_id" integer, "title" character varying(255), "created_at" timestamp, "updated_at" timestamp) 
  [1m[36m (12.6ms)[0m  [1mCREATE TABLE "artists" ("id" serial primary key, "name" character varying(255), "created_at" timestamp, "updated_at" timestamp) [0m
  [1m[35m (9.6ms)[0m  CREATE TABLE "comments" ("id" serial primary key, "title" character varying(255), "created_at" timestamp, "updated_at" timestamp) 
  [1m[36m (9.6ms)[0m  [1mCREATE TABLE "genres" ("id" serial primary key, "name" character varying(255), "created_at" timestamp, "updated_at" timestamp) [0m
  [1m[35m (9.6ms)[0m  CREATE TABLE "media_types" ("id" serial primary key, "name" character varying(255), "created_at" timestamp, "updated_at" timestamp) 
  [1m[36m (8.6ms)[0m  [1mCREATE TABLE "playlists" ("id" serial primary key, "name" character varying(255), "created_at" timestamp, "updated_at" timestamp) [0m
  [1m[35m (20.2ms)[0m  CREATE TABLE "playlists_tracks" ("id" serial primary key, "playlist_id" integer, "track_id" integer) 
  [1m[36m (9.1ms)[0m  [1mCREATE TABLE "tracks" ("id" serial primary key, "album_id" integer, "genre_id" integer, "media_type_id" integer, "name" character varying(255) NOT NULL, "composer" character varying(255), "milliseconds" integer NOT NULL, "bytes" integer, "unit_price" decimal(10,2), "created_at" timestamp, "updated_at" timestamp) [0m
  [1m[35m (4.2ms)[0m  CREATE TABLE "schema_migrations" ("version" character varying NOT NULL) 
  [1m[36m (24.9ms)[0m  [1mCREATE UNIQUE INDEX  "unique_schema_migrations" ON "schema_migrations"  ("version")[0m
  [1m[35m (0.9ms)[0m  SELECT version FROM "schema_migrations"
  [1m[36m (1.4ms)[0m  [1mINSERT INTO "schema_migrations" (version) VALUES ('20141107165750')[0m
  [1m[35m (1.0ms)[0m  INSERT INTO "schema_migrations" (version) VALUES ('20140128185321')
  [1m[36m (0.6ms)[0m  [1mINSERT INTO "schema_migrations" (version) VALUES ('20140128190323')[0m
  [1m[35m (0.7ms)[0m  INSERT INTO "schema_migrations" (version) VALUES ('20140128190658')
  [1m[36m (0.7ms)[0m  [1mINSERT INTO "schema_migrations" (version) VALUES ('20140128200252')[0m
  [1m[35m (0.6ms)[0m  INSERT INTO "schema_migrations" (version) VALUES ('20140128200458')
  [1m[36m (0.6ms)[0m  [1mINSERT INTO "schema_migrations" (version) VALUES ('20140128205156')[0m
  [1m[35mSQL (0.5ms)[0m  CREATE EXTENSION IF NOT EXISTS "plpgsql"
  [1m[36m (8.2ms)[0m  [1mCREATE TABLE "albums" ("id" serial primary key, "artist_id" integer, "title" character varying(255), "created_at" timestamp, "updated_at" timestamp) [0m
  [1m[35m (27.4ms)[0m  CREATE TABLE "artists" ("id" serial primary key, "name" character varying(255), "created_at" timestamp, "updated_at" timestamp) 
  [1m[36m (8.5ms)[0m  [1mCREATE TABLE "comments" ("id" serial primary key, "title" character varying(255), "created_at" timestamp, "updated_at" timestamp) [0m
  [1m[35m (9.0ms)[0m  CREATE TABLE "genres" ("id" serial primary key, "name" character varying(255), "created_at" timestamp, "updated_at" timestamp) 
  [1m[36m (8.6ms)[0m  [1mCREATE TABLE "media_types" ("id" serial primary key, "name" character varying(255), "created_at" timestamp, "updated_at" timestamp) [0m
  [1m[35m (9.5ms)[0m  CREATE TABLE "playlists" ("id" serial primary key, "name" character varying(255), "created_at" timestamp, "updated_at" timestamp) 
  [1m[36m (9.4ms)[0m  [1mCREATE TABLE "playlists_tracks" ("id" serial primary key, "playlist_id" integer, "track_id" integer) [0m
  [1m[35m (8.4ms)[0m  CREATE TABLE "tracks" ("id" serial primary key, "album_id" integer, "genre_id" integer, "media_type_id" integer, "name" character varying(255) NOT NULL, "composer" character varying(255), "milliseconds" integer NOT NULL, "bytes" integer, "unit_price" decimal(10,2), "created_at" timestamp, "updated_at" timestamp) 
  [1m[36m (9.7ms)[0m  [1mCREATE TABLE "schema_migrations" ("version" character varying NOT NULL) [0m
  [1m[35m (7.4ms)[0m  CREATE UNIQUE INDEX  "unique_schema_migrations" ON "schema_migrations"  ("version")
  [1m[36m (0.7ms)[0m  [1mSELECT version FROM "schema_migrations"[0m
  [1m[35m (0.8ms)[0m  INSERT INTO "schema_migrations" (version) VALUES ('20141107165750')
  [1m[36m (0.5ms)[0m  [1mINSERT INTO "schema_migrations" (version) VALUES ('20140128185321')[0m
  [1m[35m (0.7ms)[0m  INSERT INTO "schema_migrations" (version) VALUES ('20140128190323')
  [1m[36m (0.6ms)[0m  [1mINSERT INTO "schema_migrations" (version) VALUES ('20140128190658')[0m
  [1m[35m (0.7ms)[0m  INSERT INTO "schema_migrations" (version) VALUES ('20140128200252')
  [1m[36m (0.6ms)[0m  [1mINSERT INTO "schema_migrations" (version) VALUES ('20140128200458')[0m
  [1m[35m (0.6ms)[0m  INSERT INTO "schema_migrations" (version) VALUES ('20140128205156')
  [1m[36mActiveRecord::SchemaMigration Load (0.6ms)[0m  [1mSELECT "schema_migrations".* FROM "schema_migrations"[0m
  [1m[36mArtist Load (3.9ms)[0m  [1mSELECT "artists".* FROM "artists"[0m
  [1m[35mArtist Load (1.0ms)[0m  SELECT  "artists".* FROM "artists" WHERE "artists"."id" = $1 LIMIT 1  [["id", 169]]
  [1m[36mArtist Load (0.7ms)[0m  [1mSELECT  "artists".* FROM "artists" WHERE "artists"."id" = $1 LIMIT 1[0m  [["id", 22]]
  [1m[35mAlbum Load (1.7ms)[0m  SELECT  "albums".* FROM "albums"  ORDER BY "albums"."id" ASC LIMIT 1
  [1m[36mTrack Load (1.1ms)[0m  [1mSELECT  "tracks".* FROM "tracks"  ORDER BY "tracks"."id" DESC LIMIT 1[0m
  [1m[35mPlaylist Load (0.5ms)[0m  SELECT  "playlists".* FROM "playlists" WHERE "playlists"."name" = $1 LIMIT 1  [["name", "90's Music"]]
  [1m[36m (1.0ms)[0m  [1mSELECT COUNT(*) FROM "genres"[0m
  [1m[36m (1.1ms)[0m  [1mSELECT COUNT(*) FROM "albums"[0m
  [1m[35m (1.8ms)[0m  SELECT COUNT(*) FROM "tracks"
  [1m[36mTrack Load (3.1ms)[0m  [1mSELECT "tracks".* FROM "tracks" WHERE "tracks"."genre_id" = $1[0m  [["genre_id", 17]]
  [1m[35m (1.8ms)[0m  SELECT COUNT(*) FROM "tracks"
  [1m[36m (2.1ms)[0m  [1mSELECT COUNT(*) FROM "tracks" WHERE "tracks"."genre_id" = $1[0m  [["genre_id", 17]]
  [1m[35m (4.7ms)[0m  SELECT MAX("tracks"."unit_price") FROM "tracks"
  [1m[36mTrack Load (1.4ms)[0m  [1mSELECT  "tracks".* FROM "tracks"  ORDER BY "tracks"."id" ASC LIMIT 1[0m
  [1m[35mTrack Load (26.2ms)[0m  SELECT "tracks".* FROM "tracks"
  [1m[36m (4.1ms)[0m  [1mSELECT MIN("tracks"."unit_price") FROM "tracks"[0m
  [1m[35m (4.6ms)[0m  SELECT MAX("tracks"."unit_price") FROM "tracks"
  [1m[36mTrack Load (1.0ms)[0m  [1mSELECT "tracks".* FROM "tracks" WHERE (media_type = 'MPEG audio file')[0m
PG::UndefinedColumn: ERROR:  column "media_type" does not exist
LINE 1: SELECT "tracks".* FROM "tracks" WHERE (media_type = 'MPEG au...
                                               ^
: SELECT "tracks".* FROM "tracks" WHERE (media_type = 'MPEG audio file')
  [1m[35mTrack Load (23.5ms)[0m  SELECT "tracks".* FROM "tracks" WHERE (media_type_id = '1')
  [1m[36mTrack Load (22.6ms)[0m  [1mSELECT "tracks".* FROM "tracks" WHERE "tracks"."media_type_id" = $1[0m  [["media_type_id", 1]]
  [1m[35mTrack Load (0.5ms)[0m  SELECT  "tracks".* FROM "tracks" WHERE "tracks"."media_type_id" = $1 LIMIT 5  [["media_type_id", 1]]
  [1m[36m (4.6ms)[0m  [1mSELECT MAX("tracks"."unit_price") FROM "tracks"[0m
  [1m[35m (4.8ms)[0m  SELECT MAX("tracks"."unit_price") FROM "tracks" WHERE "tracks"."media_type_id" = $1  [["media_type_id", 1]]
  [1m[36mArtist Load (0.9ms)[0m  [1mSELECT  "artists".* FROM "artists" WHERE "artists"."id" = $1 LIMIT 1[0m  [["id", 22]]
  [1m[35mArtist Load (2.5ms)[0m  SELECT "artists".* FROM "artists"
  [1m[36mArtist Load (2.1ms)[0m  [1mSELECT "artists".* FROM "artists"[0m
  [1m[36mArtist Load (1.3ms)[0m  [1mSELECT  "artists".* FROM "artists" LIMIT 5[0m
  [1m[35mArtist Load (1.9ms)[0m  SELECT  "artists".* FROM "artists"  ORDER BY created_at ASC LIMIT 2
  [1m[36mPlaylist Load (1.3ms)[0m  [1mSELECT  "playlists".* FROM "playlists"  ORDER BY created_at DESC LIMIT 2[0m
